{"uid":"bea787005eebafa5","name":"Delete existing label for authorized user","fullName":"src/test/resources/features/labels-web.feature:24","historyId":"834f69d744f8f1c3b86b99aaded59482","time":{"start":1693574666621,"stop":1693574668629,"duration":2008},"status":"failed","statusMessage":"expected [another text] but found [hello]","statusTrace":"java.lang.AssertionError: expected [another text] but found [hello]\n\tat org.testng.Assert.fail(Assert.java:97)\n\tat org.testng.Assert.assertEqualsImpl(Assert.java:136)\n\tat org.testng.Assert.assertEquals(Assert.java:118)\n\tat org.testng.Assert.assertEquals(Assert.java:575)\n\tat org.testng.Assert.assertEquals(Assert.java:585)\n\tat io.qameta.allure.examples.cucumber5.WebSteps.maybeThrowAssertionException(WebSteps.java:97)\n\tat io.qameta.allure.examples.cucumber5.WebSteps.notesShouldNotContainsNoteWithText(WebSteps.java:49)\n\tat ✽.I should not see note with content \"hello\"(file:///home/runner/work/allure-cucumber5-testng-gradle-kts/allure-cucumber5-testng-gradle-kts/src/test/resources/features/labels-web.feature:28)\n","flaky":false,"newFailed":true,"newBroken":false,"newPassed":false,"retriesCount":0,"retriesStatusChange":false,"beforeStages":[],"testStage":{"status":"failed","statusMessage":"expected [another text] but found [hello]","statusTrace":"java.lang.AssertionError: expected [another text] but found [hello]\n\tat org.testng.Assert.fail(Assert.java:97)\n\tat org.testng.Assert.assertEqualsImpl(Assert.java:136)\n\tat org.testng.Assert.assertEquals(Assert.java:118)\n\tat org.testng.Assert.assertEquals(Assert.java:575)\n\tat org.testng.Assert.assertEquals(Assert.java:585)\n\tat io.qameta.allure.examples.cucumber5.WebSteps.maybeThrowAssertionException(WebSteps.java:97)\n\tat io.qameta.allure.examples.cucumber5.WebSteps.notesShouldNotContainsNoteWithText(WebSteps.java:49)\n\tat ✽.I should not see note with content \"hello\"(file:///home/runner/work/allure-cucumber5-testng-gradle-kts/allure-cucumber5-testng-gradle-kts/src/test/resources/features/labels-web.feature:28)\n","steps":[{"name":"When  I open labels page","time":{"start":1693574666621,"stop":1693574666622,"duration":1},"status":"passed","steps":[],"attachments":[],"parameters":[],"stepsCount":0,"attachmentsCount":0,"shouldDisplayMessage":false,"hasContent":false},{"name":"And  I create label with title \"hello\"","time":{"start":1693574666622,"stop":1693574666623,"duration":1},"status":"passed","steps":[],"attachments":[],"parameters":[],"stepsCount":0,"attachmentsCount":0,"shouldDisplayMessage":false,"hasContent":false},{"name":"And  I delete label with title \"hello\"","time":{"start":1693574666623,"stop":1693574667624,"duration":1001},"status":"passed","steps":[],"attachments":[],"parameters":[],"stepsCount":0,"attachmentsCount":0,"shouldDisplayMessage":false,"hasContent":false},{"name":"Then  I should not see note with content \"hello\"","time":{"start":1693574667624,"stop":1693574668628,"duration":1004},"status":"failed","statusMessage":"expected [another text] but found [hello]","statusTrace":"java.lang.AssertionError: expected [another text] but found [hello]\n\tat org.testng.Assert.fail(Assert.java:97)\n\tat org.testng.Assert.assertEqualsImpl(Assert.java:136)\n\tat org.testng.Assert.assertEquals(Assert.java:118)\n\tat org.testng.Assert.assertEquals(Assert.java:575)\n\tat org.testng.Assert.assertEquals(Assert.java:585)\n\tat io.qameta.allure.examples.cucumber5.WebSteps.maybeThrowAssertionException(WebSteps.java:97)\n\tat io.qameta.allure.examples.cucumber5.WebSteps.notesShouldNotContainsNoteWithText(WebSteps.java:49)\n\tat ✽.I should not see note with content \"hello\"(file:///home/runner/work/allure-cucumber5-testng-gradle-kts/allure-cucumber5-testng-gradle-kts/src/test/resources/features/labels-web.feature:28)\n","steps":[],"attachments":[],"parameters":[],"stepsCount":0,"attachmentsCount":0,"shouldDisplayMessage":true,"hasContent":true}],"attachments":[],"parameters":[],"stepsCount":4,"attachmentsCount":0,"shouldDisplayMessage":false,"hasContent":true},"afterStages":[],"labels":[{"name":"tag","value":"smoke"},{"name":"tag","value":"allure.label.jira:AE-1"},{"name":"host","value":"fv-az364-118"},{"name":"thread","value":"2288@fv-az364-118.Test worker(1)"},{"name":"feature","value":"Labels"},{"name":"story","value":"Delete existing label for authorized user"},{"name":"suite","value":"Labels"},{"name":"testClass","value":"Delete existing label for authorized user"},{"name":"framework","value":"cucumber5jvm"},{"name":"language","value":"java"},{"name":"gherkin_uri","value":"file:///home/runner/work/allure-cucumber5-testng-gradle-kts/allure-cucumber5-testng-gradle-kts/src/test/resources/features/labels-web.feature"},{"name":"package","value":"src.test.resources.features.labels-web_feature.Labels"},{"name":"resultFormat","value":"allure2"}],"parameters":[],"links":[],"hidden":false,"retry":false,"extra":{"severity":"normal","retries":[],"categories":[{"name":"Product defects","matchedStatuses":[],"flaky":false}],"history":{"statistic":{"failed":1,"broken":1,"skipped":0,"passed":1,"unknown":0,"total":3},"items":[{"uid":"74c22d0cca1e48e3","reportUrl":"https://allure-examples.github.io/allure-cucumber5-testng-gradle-kts/5//#testresult/74c22d0cca1e48e3","status":"passed","time":{"start":1693574503576,"stop":1693574505585,"duration":2009}},{"uid":"8c0e52b44cce081e","reportUrl":"https://allure-examples.github.io/allure-cucumber5-testng-gradle-kts/4//#testresult/8c0e52b44cce081e","status":"broken","statusDetails":"Element not found for xpath [//div[@class='something']]","time":{"start":1693574301902,"stop":1693574301913,"duration":11}}]},"tags":["smoke","allure.label.jira:AE-1"]},"source":"bea787005eebafa5.json","parameterValues":[]}